Vivado Simulator 2019.1
Time resolution is 1 ps
regwrite b00000bb
regwrite cfffffcd
regwrite b00000bb
regwrite 30000033
regwrite 80000088
regwrite xxxxxxxx
regwrite xxxxxxxx
regwrite xxxxxxxx
regwrite xxxxxxxx
regwrite xxxxxxxx
regwrite xxxxxxxx
regwrite xxxxxxxx
regwrite xxxxxxxx
regwrite xxxxxxxx
regwrite xxxxxxxx
regwrite xxxxxxxx
regwrite xxxxxxxx
regwrite xxxxxxxx
regwrite xxxxxxxx
regwrite xxxxxxxx
regwrite xxxxxxxx
regwrite xxxxxxxx
regwrite xxxxxxxx
regwrite xxxxxxxx
regwrite xxxxxxxx
regwrite xxxxxxxx
regwrite xxxxxxxx
regwrite xxxxxxxx
regwrite xxxxxxxx
regwrite xxxxxxxx
regwrite xxxxxxxx
regwrite xxxxxxxx
regwrite xxxxxxxx
regwrite xxxxxxxx
regwrite xxxxxxxx
regwrite xxxxxxxx
regwrite xxxxxxxx
regwrite xxxxxxxx
regwrite xxxxxxxx
regwrite xxxxxxxx
regwrite xxxxxxxx
regwrite xxxxxxxx
regwrite xxxxxxxx
regwrite xxxxxxxx
regwrite xxxxxxxx
regwrite xxxxxxxx
regwrite xxxxxxxx
regwrite xxxxxxxx
regwrite xxxxxxxx
regwrite xxxxxxxx
regwrite xxxxxxxx
regwrite xxxxxxxx
regwrite xxxxxxxx
regwrite xxxxxxxx
regwrite xxxxxxxx
regwrite xxxxxxxx
regwrite xxxxxxxx
regwrite xxxxxxxx
regwrite xxxxxxxx
regwrite xxxxxxxx
regwrite xxxxxxxx
regwrite xxxxxxxx
regwrite xxxxxxxx
regwrite xxxxxxxx
regwrite xxxxxxxx
regwrite xxxxxxxx
regwrite xxxxxxxx
regwrite xxxxxxxx
regwrite xxxxxxxx
regwrite xxxxxxxx
regwrite xxxxxxxx
regwrite xxxxxxxx
regwrite xxxxxxxx
regwrite xxxxxxxx
regwrite xxxxxxxx
regwrite xxxxxxxx
regwrite xxxxxxxx
regwrite xxxxxxxx
regwrite xxxxxxxx
regwrite xxxxxxxx
regwrite xxxxxxxx
regwrite xxxxxxxx
regwrite xxxxxxxx
regwrite xxxxxxxx
regwrite xxxxxxxx
regwrite xxxxxxxx
regwrite xxxxxxxx
regwrite xxxxxxxx
regwrite xxxxxxxx
regwrite xxxxxxxx
regwrite xxxxxxxx
regwrite xxxxxxxx
regwrite xxxxxxxx
regwrite xxxxxxxx
regwrite xxxxxxxx
regwrite xxxxxxxx
regwrite xxxxxxxx
